[2026-04-17 06:13:31] local.INFO: Изображение успешно сохранено: contentImages/1/rPdMfaFDJQJ0reUBqqk1qhTouQsju1yxBpmtYACQ.jpg  
[2026-04-17 06:13:31] local.INFO: Изображение успешно сохранено: contentImages/1/4WTNn0qLyxDYqBVVQciRjQ0rHBQqkwb5LmxXhuRC.png  
[2026-04-17 06:13:31] local.INFO: Изображение успешно сохранено: contentImages/1/JJcqDklfjRHkV8ecY5GhgDTFwEojWN1rcL5Dq5Th.gif  
[2026-04-17 06:13:31] local.INFO: Изображение успешно сохранено: contentImages/1/hycgudUTsw9Ukrl2D2iHzeQgWzLTNkSv58RHJicK.png  
[2026-04-17 06:13:31] local.INFO: Изображение успешно сохранено: contentImages/1/C5Wo1gAu20eJuObDp2qdDGXxqvbTkNrIChh0xHgP.png  
[2026-04-17 06:13:31] local.INFO: Изображение успешно сохранено: contentImages/1/4YVkCjQ6CQzVfU8mNXyqv7yFltirRUy5tvGBv2Bc.png  
[2026-04-17 06:13:31] local.INFO: Изображение успешно сохранено: contentImages/1/NWBnMGIeluZkC6s8mBD64vyyVarjKvaPWlVU1NqD.jpg  
[2026-04-17 06:13:31] local.INFO: Изображение успешно сохранено: contentImages/1/UaUIW5A3vSqfR8LxoDB8dErcH2sAMVcCuqeXJ0nd.png  
[2026-04-17 06:13:31] local.INFO: Изображение успешно сохранено: contentImages/1/erQc9I5B7vtOqiz6aaJLPKrCfHhZu6P6NiObl75t.png  
[2026-04-17 06:13:31] local.INFO: Изображение успешно сохранено: contentImages/1/RZE5veIxGyd4eiRnzo9mLcFYBOcWZJWONid9gVqj.jpg  
[2026-04-17 06:13:31] local.INFO: Изображение успешно сохранено: contentImages/1/QB3pdsqWkEJjKvzybaIBVSFII7GrC1CWzOrpnHBu.png  
[2026-04-17 06:13:31] local.INFO: Изображение успешно сохранено: contentImages/1/7lY1cFWeutPkgGqbE1d4Xb3c2EZcwcBXXIJqjSHD.jpg  
[2026-04-17 06:13:31] local.INFO: Изображение успешно сохранено: contentImages/1/BhsVSzrAHIurvn5FURm9HVrEsbRszojTccS0yY0a.jpg  
[2026-04-17 06:13:31] local.INFO: Изображение успешно сохранено: contentImages/1/iHwH145sEhXZI2QcFtle6EPbViu1bxQZxtTR3vpm.jpg  
[2026-04-17 06:13:31] local.INFO: Изображение успешно сохранено: contentImages/1/S8lrzivVVUBEoWsJxmAqCcWpuRJlW5Pe6dj0aUbv.jpg  
[2026-04-17 06:13:31] local.INFO: Изображение успешно сохранено: contentImages/1/brSjDTmN5AiID9BnhqQMvOwNyOz6q1M4KMlJeqY9.jpg  
[2026-04-17 06:13:31] local.INFO: Изображение успешно сохранено: contentImages/1/X2XS9b49ApVBscSkJ8R82wAjgnOS8QGW0VaGerzW.jpg  
[2026-04-17 06:13:31] local.INFO: Изображение успешно сохранено: contentImages/1/1JX7sEOLQE43pMFGSlMrCkAOAfIqbCWTFtbbbqYI.png  
[2026-04-17 06:13:31] local.INFO: Изображение успешно сохранено: contentImages/1/mhZEB1MH2hq1MKY5fP0UecKvkYJOQc04L1MNMucb.png  
[2026-04-17 06:13:31] local.INFO: Изображение успешно сохранено: contentImages/1/DI8r3UAGDW7cF6sf5nfKD5xmYIJqgDgSoqOqxKlI.jpg  
[2026-04-17 06:13:31] local.INFO: Изображение успешно сохранено: contentImages/1/zklm3lGTZ09rYRHfnMaO66mvUasgd2YxKBs9m8LL.jpg  
[2026-04-17 06:13:31] local.INFO: Изображение успешно сохранено: contentImages/1/KYML7rUQYqvGXOJyQYbNWCexFQS7hOCsrYnjFsBm.png  
[2026-04-17 06:13:31] local.INFO: Изображение успешно сохранено: contentImages/1/h3CKzyZYp7laGayCBr93Pjf4EqgsPlu1W3aHCf1L.png  
[2026-04-17 06:13:32] local.INFO: Изображение успешно сохранено: contentImages/1/0uOiI6AsQ8V0nhoXrk0BYZ6MRQi11VM1XYDp68rQ.jpg  
[2026-04-17 06:13:32] local.INFO: Изображение успешно сохранено: contentImages/1/fxezSRowMv6lX9JkopvroTzr26aVjwJXENPzPMJO.jpg  
[2026-04-17 06:14:13] local.INFO: Изображение успешно сохранено: contentImages/1/1m4QudSa5TYqjLM0vj3uLUbjBe1uD5wCF3Ddy1S3.jpg  
[2026-04-17 06:14:13] local.INFO: Изображение успешно сохранено: contentImages/1/rnMOfgiQUHQLODmtVDUXG1BqHtaFUG0EtYVt7c89.png  
[2026-04-17 06:14:13] local.INFO: Изображение успешно сохранено: contentImages/1/21ocsOGPjyNm4mXQi570IONGApEjgOmjr2VaJJmj.gif  
[2026-04-17 06:14:13] local.INFO: Изображение успешно сохранено: contentImages/1/by4Ozz4aB7TFehimdlhXGf2UbvjZieJdQO2Nnxkt.png  
[2026-04-17 06:14:13] local.INFO: Изображение успешно сохранено: contentImages/1/nxnwUqBVEyuRxYAhX5MoLvJl6DZonhC5FMdD84vy.png  
[2026-04-17 06:14:13] local.INFO: Изображение успешно сохранено: contentImages/1/vLCI8k0gW646C89VF1Z3UwnXPvPvV29GfrJtPHRz.png  
[2026-04-17 06:14:13] local.INFO: Изображение успешно сохранено: contentImages/1/7jsRQOxjMt0iQWVh5XCrJvzaKz4nl9a6Lt7uzKdN.jpg  
[2026-04-17 06:14:13] local.INFO: Изображение успешно сохранено: contentImages/1/5viITUt30XnBgL70sT5cTzDvE9ym7mmTqKzyGG2n.png  
[2026-04-17 06:14:13] local.INFO: Изображение успешно сохранено: contentImages/1/Q9x0ZOJC13JOGqvK9jLimbYfAaByfEwb7F2Cs3lC.png  
[2026-04-17 06:14:13] local.INFO: Изображение успешно сохранено: contentImages/1/da72jn4PFWPzTigl9Bo0YXbIq8cdx3tzls3aKnku.jpg  
[2026-04-17 06:14:13] local.INFO: Изображение успешно сохранено: contentImages/1/KwlaSbzgK6QB2b5tKPgev7hI3B3bB3MXI9O8y7uk.png  
[2026-04-17 06:14:13] local.INFO: Изображение успешно сохранено: contentImages/1/bn1dIsvii1iSy3Sv0hX5qcuT99tXf9Fz7SK3DJET.jpg  
[2026-04-17 06:14:13] local.INFO: Изображение успешно сохранено: contentImages/1/S6xe4MTnWsVRqGDILBjBgnhhFfienas2vDxnaAKa.jpg  
[2026-04-17 06:14:13] local.INFO: Изображение успешно сохранено: contentImages/1/q2HpVkEr1pPUGtYnf8ntjO610j22Yw5y3DTso3Am.jpg  
[2026-04-17 06:14:13] local.INFO: Изображение успешно сохранено: contentImages/1/MeEGJACWUZ1KcHYyVIX2PI99yiGyVFLiyBhNBIvD.jpg  
[2026-04-17 06:14:13] local.INFO: Изображение успешно сохранено: contentImages/1/0yJG9nXh0QoZf1xz9nbhpfxPyrfFsxt2M854RowX.jpg  
[2026-04-17 06:14:13] local.INFO: Изображение успешно сохранено: contentImages/1/vHmN3rnorCvfwMA7aKmOPQuWZNBdU9Ly9OntzS0N.jpg  
[2026-04-17 06:14:13] local.INFO: Изображение успешно сохранено: contentImages/1/QfnH74WquXOdTNbnzPXPW8L2ve19KfJkA3sLZgaI.png  
[2026-04-17 06:14:13] local.INFO: Изображение успешно сохранено: contentImages/1/sLdjzA8hUzbFPH0J2owmZvgCt07ha1IFxtjYxobG.png  
[2026-04-17 06:14:13] local.INFO: Изображение успешно сохранено: contentImages/1/rW3oKabY7ZLrny9A9cyQRSkjLuZ4fSMFsVzZ6vc4.jpg  
[2026-04-17 06:14:13] local.INFO: Изображение успешно сохранено: contentImages/1/PBIh5m8eeJi2ZzGKViyWf75r75tReZ0LddRvImcy.jpg  
[2026-04-17 06:14:13] local.INFO: Изображение успешно сохранено: contentImages/1/tYMogKD7KLqZuO8Lw0cvbAVRTr9fYiztST7VUBZj.png  
[2026-04-17 06:14:13] local.INFO: Изображение успешно сохранено: contentImages/1/8W5V4LM2LVmJq8flUpXmVs79iz22tI6wE767MwSc.png  
[2026-04-17 06:14:13] local.INFO: Изображение успешно сохранено: contentImages/1/587gHaU5tuV8WIbHO7kd1Gkl2p63iTlpPrZntfdB.jpg  
[2026-04-17 06:14:13] local.INFO: Изображение успешно сохранено: contentImages/1/w0Tk2UlucWQV6PqjRKVRc5vVFq5w0Cw6wW0mbHVZ.jpg  
[2026-04-17 06:16:41] local.INFO: Изображение успешно сохранено: contentImages/1/qFiBJQgHNVDKyK1DjMdKA0FKmuPFLTwtICoaOnJp.jpg  
[2026-04-17 06:16:41] local.INFO: Изображение успешно сохранено: contentImages/1/GOD5P09LEHqQTZ0DC4SXuXIfQpjtf38vgDddJtVA.png  
[2026-04-17 06:16:41] local.INFO: Изображение успешно сохранено: contentImages/1/FbF686L86L1IIdeA7xHRj12wmNmxE8jCUarkTzpo.gif  
[2026-04-17 06:16:41] local.INFO: Изображение успешно сохранено: contentImages/1/nsiGgmcSgMpOwlWR0muc50lIfjzBSAcd1CCd50DQ.png  
[2026-04-17 06:16:41] local.INFO: Изображение успешно сохранено: contentImages/1/JF2cUYcu6UxN0XhSMOzfesVIxEvy0fn3VbWKtR1A.png  
[2026-04-17 06:16:41] local.INFO: Изображение успешно сохранено: contentImages/1/00guPfLklloNxpOD5jxLyR2EqO4bGs7kMnQXx6gI.png  
[2026-04-17 06:16:41] local.INFO: Изображение успешно сохранено: contentImages/1/OT2LouZU6UwNlbgu5a5FDfd1ZhNdpFTWhacP8ODA.jpg  
[2026-04-17 06:16:41] local.INFO: Изображение успешно сохранено: contentImages/1/GK57hyJFSt2TQTkomfUcoCJKhDCgf9kVzcvkwIcc.png  
[2026-04-17 06:16:41] local.INFO: Изображение успешно сохранено: contentImages/1/qkzN9KioUyhWMTWcZTD3QpAKB5QJkNUxRiF435nn.png  
[2026-04-17 06:16:41] local.INFO: Изображение успешно сохранено: contentImages/1/mwRtE0qIqy7h4yodXq0LfgMgiZnDqgibaVQNqE8C.jpg  
[2026-04-17 06:16:41] local.INFO: Изображение успешно сохранено: contentImages/1/XmYpchPvjUwVx8Wcp8PFQYlkjU6MHOI25vfQ4mAo.png  
[2026-04-17 06:16:41] local.INFO: Изображение успешно сохранено: contentImages/1/vddzLULp5KHYd3JqAf5HrFCAAboqckT0WXbaKkIS.jpg  
[2026-04-17 06:16:41] local.INFO: Изображение успешно сохранено: contentImages/1/GNE7yT4TBEIPfiD6ax13Y5phlqkizClSlrnhp7eQ.jpg  
[2026-04-17 06:16:42] local.INFO: Изображение успешно сохранено: contentImages/1/767uFZigIbnaw92qHpiGBv1LarNIX6mqcxaSdPZC.jpg  
[2026-04-17 06:16:42] local.INFO: Изображение успешно сохранено: contentImages/1/Ekw2mJeix9mD94ddKX3IbcwdIhyo8gVdXkejEL6J.jpg  
[2026-04-17 06:16:42] local.INFO: Изображение успешно сохранено: contentImages/1/mnKzIJBcGuWRGwPEXdRZmp6WQu4STOyrgSUhHN36.jpg  
[2026-04-17 06:16:42] local.INFO: Изображение успешно сохранено: contentImages/1/IkySuBxOTkmFpSIDdm7ILeUW7URKkYoBMNrdwqsU.jpg  
[2026-04-17 06:16:42] local.INFO: Изображение успешно сохранено: contentImages/1/ANmegtb63imra6llyqwzjq2Zwic5UKyire5vtKXP.png  
[2026-04-17 06:16:42] local.INFO: Изображение успешно сохранено: contentImages/1/BrvnvMGf5jt4NY7TcqVxsU4n6orEd09DOVrKaU75.png  
[2026-04-17 06:16:42] local.INFO: Изображение успешно сохранено: contentImages/1/5MkOJdyRU88z45fBYTXmgbcEcr8LEEDbViahhLRC.jpg  
[2026-04-17 06:16:42] local.INFO: Изображение успешно сохранено: contentImages/1/sP1rLEWHhU7gBoUSD9FfANPfGajovlYPOApy0rWa.jpg  
[2026-04-17 06:16:42] local.INFO: Изображение успешно сохранено: contentImages/1/k3JMtavx4ofVEdKfTzLaDCxJpbmlRnWvWTZVakiw.png  
[2026-04-17 06:16:42] local.INFO: Изображение успешно сохранено: contentImages/1/1YNte2AeFZSMGRmCDG3lR6CnqPCeR0naROzkd8e9.png  
[2026-04-17 06:16:42] local.INFO: Изображение успешно сохранено: contentImages/1/E6ojjfLWyJgfALRUKv7XFdaBdIFDuPYil10ILZls.jpg  
[2026-04-17 06:16:42] local.INFO: Изображение успешно сохранено: contentImages/1/Urrd2KbYP2jDQT47bOIEwZGKBSt85KUs67rHiXsD.jpg  
[2026-04-17 06:17:59] local.INFO: Изображение успешно сохранено: contentImages/1/jNRakXyd0q1frEht6iUkIWCJwVuuszAID1yu89VQ.jpg  
[2026-04-17 06:17:59] local.INFO: Изображение успешно сохранено: contentImages/1/X17A1lj96yCaTUtaiNxdbogbeDmYC9IyxccYqRc4.png  
[2026-04-17 06:17:59] local.INFO: Изображение успешно сохранено: contentImages/1/0Tn5LbRg3D2RR2uTNUhTDfEIVSw6xlLKGLw8YesE.gif  
[2026-04-17 06:17:59] local.INFO: Изображение успешно сохранено: contentImages/1/6Ex1xVh6LDVUKyjEC9FfXtIZC4ERVvfAyFZJ8e6q.png  
[2026-04-17 06:17:59] local.INFO: Изображение успешно сохранено: contentImages/1/94yJ6spXStClUj5TUr2uRWFO0ie8P8oupMaXurln.png  
[2026-04-17 06:17:59] local.INFO: Изображение успешно сохранено: contentImages/1/98Fmysb3BhsKDnJbrXgnUHo27DByIXYQHNDzhsDn.png  
[2026-04-17 06:17:59] local.INFO: Изображение успешно сохранено: contentImages/1/F6dtjprPQNWpuokKSGK0JV9jB81Q6i3UDTC7GlmU.jpg  
[2026-04-17 06:17:59] local.INFO: Изображение успешно сохранено: contentImages/1/Df8gdS1Ui8P77XfutSg23HVs8faaLHPU6xfbiAzu.png  
[2026-04-17 06:17:59] local.INFO: Изображение успешно сохранено: contentImages/1/2am82KeLHXpQ9F6Kl9U9xinRYKxfQpge1Y8OlK3r.png  
[2026-04-17 06:17:59] local.INFO: Изображение успешно сохранено: contentImages/1/0xikMRsakjpWrysCrXirzZCd6lFmly1CjUUVouAp.jpg  
[2026-04-17 06:17:59] local.INFO: Изображение успешно сохранено: contentImages/1/TH8adaSKNKWlzKq5dtyDZwKcMZ1JHENsz4DbiDsE.png  
[2026-04-17 06:17:59] local.INFO: Изображение успешно сохранено: contentImages/1/kpICjRdqslByBwuQPUPXQjh2aoMplKhmErmJIbOR.jpg  
[2026-04-17 06:17:59] local.INFO: Изображение успешно сохранено: contentImages/1/pcd6lgeglTLC3zgVD60XcJjV3iyJ1SsGuXKR8n3f.jpg  
[2026-04-17 06:17:59] local.INFO: Изображение успешно сохранено: contentImages/1/6dgEEEhy9LtoHzhoggkRwbEvtHHFN9p0es3lbcOZ.jpg  
[2026-04-17 06:17:59] local.INFO: Изображение успешно сохранено: contentImages/1/fQyZmxYDETWJyve2HPgebQLnl8BB8UKZCcEgPvts.jpg  
[2026-04-17 06:17:59] local.INFO: Изображение успешно сохранено: contentImages/1/IbrSyh5SoUjBorxKJqsvr06SlXmiuRuJV8YoNVyY.jpg  
[2026-04-17 06:17:59] local.INFO: Изображение успешно сохранено: contentImages/1/Q2bB2XKG03qntmFCm9Jfu9DwePBw6DGrvEDsyrVa.jpg  
[2026-04-17 06:17:59] local.INFO: Изображение успешно сохранено: contentImages/1/9q1do4OfiocAfKU41LF0M44u2eGf0IqlksTKVIWK.png  
[2026-04-17 06:17:59] local.INFO: Изображение успешно сохранено: contentImages/1/iSyntzZM6D4X0B8BeCmPXwYVvd2msZVKJZltH62I.png  
[2026-04-17 06:17:59] local.INFO: Изображение успешно сохранено: contentImages/1/KRdaefyzJsSi8e9ks3Kmiax6Qq5iki5wmeiNPKhF.jpg  
[2026-04-17 06:17:59] local.INFO: Изображение успешно сохранено: contentImages/1/OFyLPrH3B3eVyxUon7vb1UgfylHyKHXZcs1q30JB.jpg  
[2026-04-17 06:17:59] local.INFO: Изображение успешно сохранено: contentImages/1/WVvu4QbR4LLbvi5kifEXgqFOvuBn8klJq5moI3kr.png  
[2026-04-17 06:17:59] local.INFO: Изображение успешно сохранено: contentImages/1/WXWeZLtiP9sF3lEZ0RKjX6Dg7lEw22sIwXf7BHlb.png  
[2026-04-17 06:17:59] local.INFO: Изображение успешно сохранено: contentImages/1/Nb9sgB9rSkEVTtkwczbh4nncm2A65ggNw6GErx15.jpg  
[2026-04-17 06:17:59] local.INFO: Изображение успешно сохранено: contentImages/1/BclZqdgWaP3iEtE6Wf8qmIhaYiZgjKAP9gSqcpkX.jpg  
